<?xml version="1.0" encoding="UTF-8"?>
<testng-results ignored="0" total="2" passed="0" failed="2" skipped="0">
  <reporter-output>
  </reporter-output>
  <suite started-at="2022-02-15T09:20:27 IST" name="ILove_OnlineShoping" finished-at="2022-02-15T09:22:54 IST" duration-ms="147536">
    <groups>
    </groups>
    <test started-at="2022-02-15T09:20:27 IST" name="Flipkart Test1" finished-at="2022-02-15T09:21:55 IST" duration-ms="88108">
      <class name="com.ILove_OnlineShoping.testcases.TestCase_TC_002">
        <test-method is-config="true" signature="setup(java.lang.String)[pri:0, instance:com.ILove_OnlineShoping.testcases.TestCase_TC_002@6404f418]" started-at="2022-02-15T09:20:27 IST" name="setup" finished-at="2022-02-15T09:20:54 IST" duration-ms="27186" status="PASS">
          <params>
            <param index="0">
              <value>
                <![CDATA[chrome]]>
              </value>
            </param>
          </params>
          <reporter-output>
          </reporter-output>
        </test-method> <!-- setup -->
        <test-method signature="Test_Run()[pri:0, instance:com.ILove_OnlineShoping.testcases.TestCase_TC_002@6404f418]" started-at="2022-02-15T09:20:54 IST" name="Test_Run" finished-at="2022-02-15T09:21:03 IST" duration-ms="8460" status="FAIL">
          <exception class="java.lang.NullPointerException">
            <message>
              <![CDATA[Cannot invoke "org.openqa.selenium.WebDriver.findElement(org.openqa.selenium.By)" because "com.ILove_OnlineShoping.pageobjectmodel.Add_To_Cart.driver" is null]]>
            </message>
            <full-stacktrace>
              <![CDATA[java.lang.NullPointerException: Cannot invoke "org.openqa.selenium.WebDriver.findElement(org.openqa.selenium.By)" because "com.ILove_OnlineShoping.pageobjectmodel.Add_To_Cart.driver" is null
at com.ILove_OnlineShoping.pageobjectmodel.Add_To_Cart.MouseOver_OnFashion(Add_To_Cart.java:32)
at com.ILove_OnlineShoping.testcases.TestCase_TC_002.Test_Run(TestCase_TC_002.java:36)
at java.base/jdk.internal.reflect.NativeMethodAccessorImpl.invoke0(Native Method)
at java.base/jdk.internal.reflect.NativeMethodAccessorImpl.invoke(NativeMethodAccessorImpl.java:64)
at java.base/jdk.internal.reflect.DelegatingMethodAccessorImpl.invoke(DelegatingMethodAccessorImpl.java:43)
at java.base/java.lang.reflect.Method.invoke(Method.java:564)
at org.testng.internal.invokers.MethodInvocationHelper.invokeMethod(MethodInvocationHelper.java:135)
at org.testng.internal.invokers.TestInvoker.invokeMethod(TestInvoker.java:673)
at org.testng.internal.invokers.TestInvoker.invokeTestMethod(TestInvoker.java:220)
at org.testng.internal.invokers.MethodRunner.runInSequence(MethodRunner.java:50)
at org.testng.internal.invokers.TestInvoker$MethodInvocationAgent.invoke(TestInvoker.java:945)
at org.testng.internal.invokers.TestInvoker.invokeTestMethods(TestInvoker.java:193)
at org.testng.internal.invokers.TestMethodWorker.invokeTestMethods(TestMethodWorker.java:146)
at org.testng.internal.invokers.TestMethodWorker.run(TestMethodWorker.java:128)
at java.base/java.util.ArrayList.forEach(ArrayList.java:1511)
at org.testng.TestRunner.privateRun(TestRunner.java:808)
at org.testng.TestRunner.run(TestRunner.java:603)
at org.testng.SuiteRunner.runTest(SuiteRunner.java:429)
at org.testng.SuiteRunner.access$000(SuiteRunner.java:32)
at org.testng.SuiteRunner$SuiteWorker.run(SuiteRunner.java:467)
at org.testng.internal.thread.ThreadUtil.lambda$execute$0(ThreadUtil.java:58)
at java.base/java.util.concurrent.FutureTask.run(FutureTask.java:264)
at java.base/java.util.concurrent.ThreadPoolExecutor.runWorker(ThreadPoolExecutor.java:1130)
at java.base/java.util.concurrent.ThreadPoolExecutor$Worker.run(ThreadPoolExecutor.java:630)
at java.base/java.lang.Thread.run(Thread.java:832)
]]>
            </full-stacktrace>
          </exception> <!-- java.lang.NullPointerException -->
          <reporter-output>
          </reporter-output>
        </test-method> <!-- Test_Run -->
        <test-method is-config="true" signature="tearDown(org.testng.ITestResult)[pri:0, instance:com.ILove_OnlineShoping.testcases.TestCase_TC_002@6404f418]" started-at="2022-02-15T09:21:03 IST" name="tearDown" finished-at="2022-02-15T09:21:55 IST" duration-ms="52430" status="PASS">
          <params>
            <param index="0">
              <value>
                <![CDATA[[TestResult name=Test_Run status=FAILURE method=TestCase_TC_002.Test_Run()[pri:0, instance:com.ILove_OnlineShoping.testcases.TestCase_TC_002@6404f418] output={null}]]]>
              </value>
            </param>
          </params>
          <reporter-output>
          </reporter-output>
        </test-method> <!-- tearDown -->
        <test-method is-config="true" signature="tearDown()[pri:0, instance:com.ILove_OnlineShoping.testcases.TestCase_TC_002@6404f418]" started-at="2022-02-15T09:21:55 IST" name="tearDown" finished-at="2022-02-15T09:21:55 IST" duration-ms="0" status="PASS">
          <reporter-output>
          </reporter-output>
        </test-method> <!-- tearDown -->
      </class> <!-- com.ILove_OnlineShoping.testcases.TestCase_TC_002 -->
    </test> <!-- Flipkart Test1 -->
    <test started-at="2022-02-15T09:21:55 IST" name="Flipkart Test2" finished-at="2022-02-15T09:22:54 IST" duration-ms="59305">
      <class name="com.ILove_OnlineShoping.testcases.TestCase_TC_002">
        <test-method is-config="true" signature="setup(java.lang.String)[pri:0, instance:com.ILove_OnlineShoping.testcases.TestCase_TC_002@5a45133e]" started-at="2022-02-15T09:21:55 IST" name="setup" finished-at="2022-02-15T09:22:35 IST" duration-ms="39746" status="PASS">
          <params>
            <param index="0">
              <value>
                <![CDATA[firefox]]>
              </value>
            </param>
          </params>
          <reporter-output>
          </reporter-output>
        </test-method> <!-- setup -->
        <test-method signature="Test_Run()[pri:0, instance:com.ILove_OnlineShoping.testcases.TestCase_TC_002@5a45133e]" started-at="2022-02-15T09:22:35 IST" name="Test_Run" finished-at="2022-02-15T09:22:46 IST" duration-ms="11507" status="FAIL">
          <exception class="java.lang.NullPointerException">
            <message>
              <![CDATA[Cannot invoke "org.openqa.selenium.WebDriver.findElement(org.openqa.selenium.By)" because "com.ILove_OnlineShoping.pageobjectmodel.Add_To_Cart.driver" is null]]>
            </message>
            <full-stacktrace>
              <![CDATA[java.lang.NullPointerException: Cannot invoke "org.openqa.selenium.WebDriver.findElement(org.openqa.selenium.By)" because "com.ILove_OnlineShoping.pageobjectmodel.Add_To_Cart.driver" is null
at com.ILove_OnlineShoping.pageobjectmodel.Add_To_Cart.MouseOver_OnFashion(Add_To_Cart.java:32)
at com.ILove_OnlineShoping.testcases.TestCase_TC_002.Test_Run(TestCase_TC_002.java:36)
at java.base/jdk.internal.reflect.NativeMethodAccessorImpl.invoke0(Native Method)
at java.base/jdk.internal.reflect.NativeMethodAccessorImpl.invoke(NativeMethodAccessorImpl.java:64)
at java.base/jdk.internal.reflect.DelegatingMethodAccessorImpl.invoke(DelegatingMethodAccessorImpl.java:43)
at java.base/java.lang.reflect.Method.invoke(Method.java:564)
at org.testng.internal.invokers.MethodInvocationHelper.invokeMethod(MethodInvocationHelper.java:135)
at org.testng.internal.invokers.TestInvoker.invokeMethod(TestInvoker.java:673)
at org.testng.internal.invokers.TestInvoker.invokeTestMethod(TestInvoker.java:220)
at org.testng.internal.invokers.MethodRunner.runInSequence(MethodRunner.java:50)
at org.testng.internal.invokers.TestInvoker$MethodInvocationAgent.invoke(TestInvoker.java:945)
at org.testng.internal.invokers.TestInvoker.invokeTestMethods(TestInvoker.java:193)
at org.testng.internal.invokers.TestMethodWorker.invokeTestMethods(TestMethodWorker.java:146)
at org.testng.internal.invokers.TestMethodWorker.run(TestMethodWorker.java:128)
at java.base/java.util.ArrayList.forEach(ArrayList.java:1511)
at org.testng.TestRunner.privateRun(TestRunner.java:808)
at org.testng.TestRunner.run(TestRunner.java:603)
at org.testng.SuiteRunner.runTest(SuiteRunner.java:429)
at org.testng.SuiteRunner.access$000(SuiteRunner.java:32)
at org.testng.SuiteRunner$SuiteWorker.run(SuiteRunner.java:467)
at org.testng.internal.thread.ThreadUtil.lambda$execute$0(ThreadUtil.java:58)
at java.base/java.util.concurrent.FutureTask.run(FutureTask.java:264)
at java.base/java.util.concurrent.ThreadPoolExecutor.runWorker(ThreadPoolExecutor.java:1130)
at java.base/java.util.concurrent.ThreadPoolExecutor$Worker.run(ThreadPoolExecutor.java:630)
at java.base/java.lang.Thread.run(Thread.java:832)
]]>
            </full-stacktrace>
          </exception> <!-- java.lang.NullPointerException -->
          <reporter-output>
          </reporter-output>
        </test-method> <!-- Test_Run -->
        <test-method is-config="true" signature="tearDown(org.testng.ITestResult)[pri:0, instance:com.ILove_OnlineShoping.testcases.TestCase_TC_002@5a45133e]" started-at="2022-02-15T09:22:46 IST" name="tearDown" finished-at="2022-02-15T09:22:54 IST" duration-ms="8049" status="PASS">
          <params>
            <param index="0">
              <value>
                <![CDATA[[TestResult name=Test_Run status=FAILURE method=TestCase_TC_002.Test_Run()[pri:0, instance:com.ILove_OnlineShoping.testcases.TestCase_TC_002@5a45133e] output={null}]]]>
              </value>
            </param>
          </params>
          <reporter-output>
          </reporter-output>
        </test-method> <!-- tearDown -->
        <test-method is-config="true" signature="tearDown()[pri:0, instance:com.ILove_OnlineShoping.testcases.TestCase_TC_002@5a45133e]" started-at="2022-02-15T09:22:54 IST" name="tearDown" finished-at="2022-02-15T09:22:54 IST" duration-ms="1" status="PASS">
          <reporter-output>
          </reporter-output>
        </test-method> <!-- tearDown -->
      </class> <!-- com.ILove_OnlineShoping.testcases.TestCase_TC_002 -->
    </test> <!-- Flipkart Test2 -->
  </suite> <!-- ILove_OnlineShoping -->
</testng-results>
